<?xml version="1.0" encoding="UTF-8" standalone="no"?>
<!DOCTYPE log SYSTEM "logger.dtd">
<log>
<record>
  <date>2020-04-11T19:59:09</date>
  <millis>1586624349054</millis>
  <sequence>0</sequence>
  <logger>lesson6.logging.Example2Handlers</logger>
  <level>SEVERE</level>
  <class>lesson6.logging.Example2Handlers</class>
  <method>tryToDivBy0</method>
  <thread>1</thread>
  <message>Ошибка деления на ноль</message>
  <exception>
    <message>java.lang.ArithmeticException: / by zero</message>
    <frame>
      <class>lesson6.logging.Example2Handlers</class>
      <method>tryToDivBy0</method>
      <line>35</line>
    </frame>
    <frame>
      <class>lesson6.logging.Example2Handlers</class>
      <method>main</method>
      <line>30</line>
    </frame>
  </exception>
</record>
</log>
